<?xml version="1.0" encoding="UTF-8"?>
<!-- Generated by org.testng.reporters.JUnitXMLReporter -->
<testsuite ignored="0" hostname="Dell-5577-Sidhu" failures="0" tests="6" name="Default test" time="4.815" errors="0" timestamp="2024-02-22T19:04:20 EST">
  <testcase classname="api.test.DDTests" name="testPostuser" time="2.262"/>
  <testcase classname="api.test.DDTests" name="testPostuser" time="0.159"/>
  <testcase classname="api.test.DDTests" name="testPostuser" time="0.155"/>
  <testcase classname="api.test.DDTests" name="testDeleteUserByName" time="0.176"/>
  <testcase classname="api.test.DDTests" name="testDeleteUserByName" time="0.173"/>
  <testcase classname="api.test.DDTests" name="testDeleteUserByName" time="0.16"/>
</testsuite> <!-- Default test -->
