<?xml version="1.0" encoding="UTF-8"?>
<testsuite xmlns:xsi="http://www.w3.org/2001/XMLSchema-instance" xsi:noNamespaceSchemaLocation="https://maven.apache.org/surefire/maven-surefire-plugin/xsd/surefire-test-report-3.0.xsd" version="3.0" name="TestSuite" time="8.603" tests="10" errors="0" skipped="0" failures="0">
  <properties>
[...]
</properties>
  <testcase name="testPostUser" classname="api.test.UserTests" time="2.684">
    <system-out><![CDATA[HTTP/1.1 200 OK
Date: Fri, 23 Feb 2024 17:59:57 GMT
Content-Type: application/json
Transfer-Encoding: chunked
Connection: keep-alive
Access-Control-Allow-Origin: *
Access-Control-Allow-Methods: GET, POST, DELETE, PUT
Access-Control-Allow-Headers: Content-Type, api_key, Authorization
Server: Jetty(9.2.9.v20150224)

{
    "code": 200,
    "type": "unknown",
    "message": "2143582219"
}
]]></system-out>
    <system-err><![CDATA[SLF4J: Failed to load class "org.slf4j.impl.StaticLoggerBinder".
SLF4J: Defaulting to no-operation (NOP) logger implementation
SLF4J: See http://www.slf4j.org/codes.html#StaticLoggerBinder for further details.
]]></system-err>
  </testcase>
  <testcase name="testGetUser" classname="api.test.UserTests" time="0.174">
    <system-out><![CDATA[HTTP/1.1 200 OK
Date: Fri, 23 Feb 2024 17:59:58 GMT
Content-Type: application/json
Transfer-Encoding: chunked
Connection: keep-alive
Access-Control-Allow-Origin: *
Access-Control-Allow-Methods: GET, POST, DELETE, PUT
Access-Control-Allow-Headers: Content-Type, api_key, Authorization
Server: Jetty(9.2.9.v20150224)

{
    "id": 2143582219,
    "username": "vanda.walter",
    "firstName": "Ardella",
    "lastName": "Marks",
    "email": "mara.heaney@example.com",
    "password": "xql1gfj7",
    "phone": "909-784-6285",
    "userStatus": 0
}
]]></system-out>
  </testcase>
  <testcase name="testUpdateUser" classname="api.test.UserTests" time="0.297">
    <system-out><![CDATA[HTTP/1.1 200 OK
Date: Fri, 23 Feb 2024 17:59:58 GMT
Content-Type: application/json
Transfer-Encoding: chunked
Connection: keep-alive
Access-Control-Allow-Origin: *
Access-Control-Allow-Methods: GET, POST, DELETE, PUT
Access-Control-Allow-Headers: Content-Type, api_key, Authorization
Server: Jetty(9.2.9.v20150224)

{
    "code": 200,
    "type": "unknown",
    "message": "2143582219"
}
HTTP/1.1 200 OK
Date: Fri, 23 Feb 2024 17:59:58 GMT
Content-Type: application/json
Transfer-Encoding: chunked
Connection: keep-alive
Access-Control-Allow-Origin: *
Access-Control-Allow-Methods: GET, POST, DELETE, PUT
Access-Control-Allow-Headers: Content-Type, api_key, Authorization
Server: Jetty(9.2.9.v20150224)

{
    "id": 2143582219,
    "username": "vanda.walter",
    "firstName": "Yasmin",
    "lastName": "Towne",
    "email": "georgina.mccullough@example.com",
    "password": "xql1gfj7",
    "phone": "909-784-6285",
    "userStatus": 0
}
]]></system-out>
  </testcase>
  <testcase name="testDeleteUser" classname="api.test.UserTests" time="0.159">
    <system-out><![CDATA[HTTP/1.1 200 OK
Date: Fri, 23 Feb 2024 17:59:58 GMT
Content-Type: application/json
Transfer-Encoding: chunked
Connection: keep-alive
Access-Control-Allow-Origin: *
Access-Control-Allow-Methods: GET, POST, DELETE, PUT
Access-Control-Allow-Headers: Content-Type, api_key, Authorization
Server: Jetty(9.2.9.v20150224)

{
    "code": 200,
    "type": "unknown",
    "message": "vanda.walter"
}
]]></system-out>
  </testcase>
  <testcase name="testPostuser[1010, testuser1, John, Canedy, a@gmail.com, test@1, 1234567897](1)" classname="api.test.DDTests" time="0.153"/>
  <testcase name="testPostuser[1020, testuser2, Kim, Kom, b@gmail.com, test@2, 1234567897](2)" classname="api.test.DDTests" time="0.151"/>
  <testcase name="testPostuser[1030, testuser3, Smith, Steve, c@gmail.com, test@3, 1234567897](3)" classname="api.test.DDTests" time="0.148"/>
  <testcase name="testDeleteUserByName[testuser1](1)" classname="api.test.DDTests" time="0.14"/>
  <testcase name="testDeleteUserByName[testuser2](2)" classname="api.test.DDTests" time="0.144"/>
  <testcase name="testDeleteUserByName[testuser3](3)" classname="api.test.DDTests" time="0.151"/>
</testsuite>