<?xml version="1.0" encoding="UTF-8"?>
<!-- Generated by org.testng.reporters.JUnitXMLReporter -->
<testsuite ignored="0" hostname="Dell-5577-Sidhu" failures="0" tests="10" name="PetTests" time="7.403" errors="0" timestamp="2024-02-23T13:00:03 EST">
  <testcase classname="api.test.UserTests" name="testPostUser" time="2.671"/>
  <testcase classname="api.test.UserTests" name="testGetUser" time="0.174"/>
  <testcase classname="api.test.UserTests" name="testUpdateUser" time="0.297"/>
  <testcase classname="api.test.UserTests" name="testDeleteUser" time="0.154"/>
  <testcase classname="api.test.DDTests" name="testPostuser" time="0.154"/>
  <testcase classname="api.test.DDTests" name="testPostuser" time="0.152"/>
  <testcase classname="api.test.DDTests" name="testPostuser" time="0.148"/>
  <testcase classname="api.test.DDTests" name="testDeleteUserByName" time="0.142"/>
  <testcase classname="api.test.DDTests" name="testDeleteUserByName" time="0.145"/>
  <testcase classname="api.test.DDTests" name="testDeleteUserByName" time="0.149"/>
</testsuite> <!-- PetTests -->
