<?xml version="1.0" encoding="UTF-8"?>
<!-- Generated by org.testng.reporters.JUnitXMLReporter -->
<testsuite ignored="0" hostname="Dell-5577-Sidhu" failures="0" tests="10" name="PetTests" time="8.516" errors="0" timestamp="2024-02-22T19:46:22 EST">
  <testcase classname="api.test.UserTests" name="testPostUser" time="2.791"/>
  <testcase classname="api.test.UserTests" name="testGetUser" time="0.291"/>
  <testcase classname="api.test.UserTests" name="testUpdateUser" time="0.354"/>
  <testcase classname="api.test.UserTests" name="testDeleteUser" time="0.157"/>
  <testcase classname="api.test.DDTests" name="testPostuser" time="0.162"/>
  <testcase classname="api.test.DDTests" name="testPostuser" time="0.168"/>
  <testcase classname="api.test.DDTests" name="testPostuser" time="0.159"/>
  <testcase classname="api.test.DDTests" name="testDeleteUserByName" time="0.184"/>
  <testcase classname="api.test.DDTests" name="testDeleteUserByName" time="0.151"/>
  <testcase classname="api.test.DDTests" name="testDeleteUserByName" time="0.173"/>
</testsuite> <!-- PetTests -->
